Exporter version: 2.93.1, Blender version: 2.93.1
========= Conversion from Blender to Babylon.js =========
	Scene settings used :
		Inline textures     :  false
		Material Type       :  PBR
		Positions Precision :  4
		Normals Precision   :  3
		UVs Precision       :  3
		Vert Color Precision:  3
		Mat Weight Precision:  2
		Keep Z-up r-handed  :  no
		Texture directory   :  C:\Users\Andrew.Burrow\OneDrive - Mountain Warehouse\Documents\Hackathon SS2021\
	Python World class constructor completed
	WARNING: No active camera has been assigned, or is not in a currently enabled collection
	processing begun of mesh:  BottleBody
		processing begun of material:  BottleBody
		processing begun of material:  BottleBodySilver
			processing texture BottleText_01
				texture type:  diffuseTexture, mapped using: "UVMap"
		processing begun of multimaterial:  AnimalBottleBodyClean_NoTex.Multimaterial#0
		num positions      :  2418
		num normals        :  2418
		num tangents       :  0
		num uvs            :  4836
		num uvs2           :  0
		num colors         :  0
		num triangles      :  2700
========= Writing of JSON file started =========
	writing mesh:  BottleBody
========= Writing of JSON file completed =========
========= end of processing =========
elapsed time:  0 min, 0.2376 secs
